<?xml version="1.0" encoding="UTF-8"?>
<!-- Generated by org.testng.reporters.JUnitReportReporter -->
<testsuite hostname="DESKTOP-L6OGJNQ" failures="0" tests="1" name="harivardhan.HariTest" time="0.003" errors="0" timestamp="2025-03-15T10:00:51 IST" skipped="0">
  <testcase classname="harivardhan.HariTest" name="potterTest" time="0.003"/>
</testsuite> <!-- harivardhan.HariTest -->
